#
# A fatal error has been detected by the Java Runtime Environment:
#
#  Internal Error (vmThread.cpp:658), pid=14900, tid=0x000000000000385c
#  fatal error: Nested VM operation CollectForMetadataAllocation requested by operation ChangeBreakpoints
#
# JRE version: Java(TM) SE Runtime Environment (8.0_121-b13) (build 1.8.0_121-b13)
# Java VM: Java HotSpot(TM) 64-Bit Server VM (25.121-b13 mixed mode windows-amd64 compressed oops)
# Failed to write core dump. Minidumps are not enabled by default on client versions of Windows
#
# If you would like to submit a bug report, please visit:
#   http://bugreport.java.com/bugreport/crash.jsp
#

---------------  T H R E A D  ---------------

Current thread (0x0000000017967000):  VMThread [stack: 0x00000000189f0000,0x0000000018af0000] [id=14428]

Stack: [0x00000000189f0000,0x0000000018af0000]
[error occurred during error reporting (printing stack bounds), id 0xc0000005]

Native frames: (J=compiled Java code, j=interpreted, Vv=VM code, C=native code)

VM_Operation (0x00000000193ef260): ChangeBreakpoints, mode: safepoint, requested by thread 0x0000000018d02800


---------------  P R O C E S S  ---------------

Java Threads: ( => current thread )
  0x000000001fe81000 JavaThread "dubbo-remoting-client-heartbeat-thread-1" daemon [_thread_blocked, id=12212, stack(0x0000000023310000,0x0000000023410000)]
  0x000000001fe88000 JavaThread "DubboClientHandler-192.168.152.1:20200-thread-1" daemon [_thread_blocked, id=14772, stack(0x0000000023210000,0x0000000023310000)]
  0x000000001fe83800 JavaThread "Hashed wheel timer #1" [_thread_blocked, id=624, stack(0x0000000023110000,0x0000000023210000)]
  0x000000001fe80800 JavaThread "DubboClientReconnectTimer-thread-1" daemon [_thread_blocked, id=14556, stack(0x0000000023010000,0x0000000023110000)]
  0x000000001fe84000 JavaThread "New I/O boss #6" daemon [_thread_in_native, id=14632, stack(0x0000000022f10000,0x0000000023010000)]
  0x000000001fe87000 JavaThread "New I/O worker #5" daemon [_thread_blocked, id=8852, stack(0x0000000022e10000,0x0000000022f10000)]
  0x000000001fe86800 JavaThread "New I/O worker #4" daemon [_thread_blocked, id=4904, stack(0x0000000022d10000,0x0000000022e10000)]
  0x000000001fe82800 JavaThread "New I/O worker #3" daemon [_thread_blocked, id=12400, stack(0x0000000022c10000,0x0000000022d10000)]
  0x0000000019069800 JavaThread "New I/O worker #2" daemon [_thread_blocked, id=14552, stack(0x0000000022b10000,0x0000000022c10000)]
  0x000000001906b000 JavaThread "New I/O worker #1" daemon [_thread_in_native, id=2096, stack(0x0000000022a10000,0x0000000022b10000)]
  0x0000000019068800 JavaThread "DubboSaveRegistryCache-thread-1" daemon [_thread_blocked, id=11956, stack(0x0000000022910000,0x0000000022a10000)]
  0x0000000019067000 JavaThread "main-EventThread" daemon [_thread_blocked, id=12568, stack(0x0000000022710000,0x0000000022810000)]
  0x0000000019065800 JavaThread "main-SendThread(127.0.0.1:2181)" daemon [_thread_in_native, id=14840, stack(0x0000000022610000,0x0000000022710000)]
  0x0000000019065000 JavaThread "ZkClient-EventThread-21-127.0.0.1:2181" daemon [_thread_blocked, id=6960, stack(0x0000000022510000,0x0000000022610000)]
  0x000000001906a000 JavaThread "DubboRegistryFailedRetryTimer-thread-1" daemon [_thread_blocked, id=11072, stack(0x0000000022410000,0x0000000022510000)]
  0x0000000019e15000 JavaThread "container-0" [_thread_blocked, id=6392, stack(0x0000000022310000,0x0000000022410000)]
  0x0000000019f82000 JavaThread "ContainerBackgroundProcessor[StandardEngine[Tomcat]]" daemon [_thread_blocked, id=9244, stack(0x00000000201c0000,0x00000000202c0000)]
  0x000000001dfcb000 JavaThread "localhost-startStop-1" daemon [_thread_blocked, id=13900, stack(0x00000000200c0000,0x00000000201c0000)]
  0x000000001f892800 JavaThread "Tomcat-startStop-1" daemon [_thread_blocked, id=12116, stack(0x000000001ce50000,0x000000001cf50000)]
  0x0000000018db4800 JavaThread "Service Thread" daemon [_thread_blocked, id=14172, stack(0x00000000198f0000,0x00000000199f0000)]
  0x0000000018d25000 JavaThread "C1 CompilerThread2" daemon [_thread_blocked, id=14468, stack(0x00000000197f0000,0x00000000198f0000)]
  0x0000000018d24000 JavaThread "C2 CompilerThread1" daemon [_thread_blocked, id=8672, stack(0x00000000196f0000,0x00000000197f0000)]
  0x0000000018d2b000 JavaThread "C2 CompilerThread0" daemon [_thread_blocked, id=11864, stack(0x00000000195f0000,0x00000000196f0000)]
  0x0000000018d1d000 JavaThread "JDWP Command Reader" daemon [_thread_in_native, id=2144, stack(0x00000000194f0000,0x00000000195f0000)]
  0x0000000018d10000 JavaThread "JDWP Event Helper Thread" daemon [_thread_blocked, id=13092, stack(0x00000000193f0000,0x00000000194f0000)]
  0x0000000018d02800 JavaThread "JDWP Transport Listener: dt_socket" daemon [_thread_blocked, id=12496, stack(0x00000000192f0000,0x00000000193f0000)]
  0x0000000018cf9800 JavaThread "Attach Listener" daemon [_thread_blocked, id=9900, stack(0x00000000191f0000,0x00000000192f0000)]
  0x00000000179b2000 JavaThread "Signal Dispatcher" daemon [_thread_blocked, id=10056, stack(0x00000000190f0000,0x00000000191f0000)]
  0x0000000017989000 JavaThread "Finalizer" daemon [_thread_blocked, id=6644, stack(0x0000000018bf0000,0x0000000018cf0000)]
  0x0000000002e44000 JavaThread "Reference Handler" daemon [_thread_blocked, id=9460, stack(0x0000000018af0000,0x0000000018bf0000)]
  0x0000000002d54000 JavaThread "main" [_thread_blocked, id=4892, stack(0x0000000002c50000,0x0000000002d50000)]

Other Threads:
=>0x0000000017967000 VMThread [stack: 0x00000000189f0000,0x0000000018af0000] [id=14428]
  0x0000000018df1000 WatcherThread [stack: 0x00000000199f0000,0x0000000019af0000] [id=3856]

VM state:at safepoint (normal execution)

VM Mutex/Monitor currently owned by a thread:  ([mutex/lock_event])
[0x0000000002d51a50] Threads_lock - owner thread: 0x0000000017967000

Heap:
 PSYoungGen      total 141312K, used 34325K [0x00000000d5d80000, 0x00000000e1980000, 0x0000000100000000)
  eden space 130560K, 18% used [0x00000000d5d80000,0x00000000d74896e8,0x00000000ddd00000)
  from space 10752K, 99% used [0x00000000ddd00000,0x00000000de77bd80,0x00000000de780000)
  to   space 12800K, 0% used [0x00000000e0d00000,0x00000000e0d00000,0x00000000e1980000)
 ParOldGen       total 60928K, used 12100K [0x0000000081800000, 0x0000000085380000, 0x00000000d5d80000)
  object space 60928K, 19% used [0x0000000081800000,0x00000000823d10f8,0x0000000085380000)
 Metaspace       used 34967K, capacity 35390K, committed 35496K, reserved 1081344K
  class space    used 4235K, capacity 4346K, committed 4352K, reserved 1048576K

Card table byte_map: [0x0000000012210000,0x0000000012610000] byte_map_base: 0x0000000011e04000

Marking Bits: (ParMarkBitMap*) 0x00000000569ab6d0
 Begin Bits: [0x0000000012cc0000, 0x0000000014c60000)
 End Bits:   [0x0000000014c60000, 0x0000000016c00000)

Polling page: 0x00000000007d0000

CodeCache: size=245760Kb used=13483Kb max_used=13483Kb free=232276Kb
 bounds [0x0000000002e50000, 0x0000000003b90000, 0x0000000011e50000]
 total_blobs=3788 nmethods=3351 adapters=357
 compilation: enabled

Compilation events (10 events):
Event: 10.474 Thread 0x0000000018d25000 3841       3       java.nio.Buffer::checkBounds (25 bytes)
Event: 10.475 Thread 0x0000000018d25000 nmethod 3841 0x0000000003b6e9d0 code [0x0000000003b6eb40, 0x0000000003b6ed88]
Event: 10.508 Thread 0x0000000018d25000 3842       3       java.io.DataInputStream::readLong (128 bytes)
Event: 10.509 Thread 0x0000000018d25000 nmethod 3842 0x0000000003b815d0 code [0x0000000003b81740, 0x0000000003b81ae8]
Event: 10.509 Thread 0x0000000018d25000 3844   !   3       org.apache.zookeeper.ClientCnxnSocketNIO::doTransport (197 bytes)
Event: 10.511 Thread 0x0000000018d25000 nmethod 3844 0x0000000003b81c90 code [0x0000000003b81fa0, 0x0000000003b83958]
Event: 10.511 Thread 0x0000000018d25000 3847       3       java.util.Calendar::getDisplayName (154 bytes)
Event: 10.512 Thread 0x0000000018d25000 nmethod 3847 0x0000000003b84650 code [0x0000000003b848c0, 0x0000000003b85808]
Event: 10.512 Thread 0x0000000018d25000 3848   !   3       java.text.SimpleDateFormat::zeroPaddingNumber (270 bytes)
Event: 10.513 Thread 0x0000000018d2b000 3850       4       java.util.Properties::saveConvert (434 bytes)

GC Heap History (10 events):
Event: 3.882 GC heap before
{Heap before GC invocations=4 (full 0):
 PSYoungGen      total 38400K, used 38394K [0x00000000d5d80000, 0x00000000da880000, 0x0000000100000000)
  eden space 33280K, 100% used [0x00000000d5d80000,0x00000000d7e00000,0x00000000d7e00000)
  from space 5120K, 99% used [0x00000000d7e00000,0x00000000d82fe870,0x00000000d8300000)
  to   space 5120K, 0% used [0x00000000da380000,0x00000000da380000,0x00000000da880000)
 ParOldGen       total 87552K, used 9818K [0x0000000081800000, 0x0000000086d80000, 0x00000000d5d80000)
  object space 87552K, 11% used [0x0000000081800000,0x0000000082196b48,0x0000000086d80000)
 Metaspace       used 20368K, capacity 20692K, committed 21120K, reserved 1067008K
  class space    used 2464K, capacity 2567K, committed 2688K, reserved 1048576K
Event: 3.900 GC heap after
Heap after GC invocations=4 (full 0):
 PSYoungGen      total 71680K, used 5112K [0x00000000d5d80000, 0x00000000da880000, 0x0000000100000000)
  eden space 66560K, 0% used [0x00000000d5d80000,0x00000000d5d80000,0x00000000d9e80000)
  from space 5120K, 99% used [0x00000000da380000,0x00000000da87e050,0x00000000da880000)
  to   space 5120K, 0% used [0x00000000d9e80000,0x00000000d9e80000,0x00000000da380000)
 ParOldGen       total 87552K, used 11219K [0x0000000081800000, 0x0000000086d80000, 0x00000000d5d80000)
  object space 87552K, 12% used [0x0000000081800000,0x00000000822f4cb8,0x0000000086d80000)
 Metaspace       used 20368K, capacity 20692K, committed 21120K, reserved 1067008K
  class space    used 2464K, capacity 2567K, committed 2688K, reserved 1048576K
}
Event: 4.142 GC heap before
{Heap before GC invocations=5 (full 0):
 PSYoungGen      total 71680K, used 20264K [0x00000000d5d80000, 0x00000000da880000, 0x0000000100000000)
  eden space 66560K, 22% used [0x00000000d5d80000,0x00000000d6c4c110,0x00000000d9e80000)
  from space 5120K, 99% used [0x00000000da380000,0x00000000da87e050,0x00000000da880000)
  to   space 5120K, 0% used [0x00000000d9e80000,0x00000000d9e80000,0x00000000da380000)
 ParOldGen       total 87552K, used 11219K [0x0000000081800000, 0x0000000086d80000, 0x00000000d5d80000)
  object space 87552K, 12% used [0x0000000081800000,0x00000000822f4cb8,0x0000000086d80000)
 Metaspace       used 20767K, capacity 21062K, committed 21296K, reserved 1069056K
  class space    used 2505K, capacity 2602K, committed 2688K, reserved 1048576K
Event: 4.164 GC heap after
Heap after GC invocations=5 (full 0):
 PSYoungGen      total 71680K, used 5096K [0x00000000d5d80000, 0x00000000df580000, 0x0000000100000000)
  eden space 66560K, 0% used [0x00000000d5d80000,0x00000000d5d80000,0x00000000d9e80000)
  from space 5120K, 99% used [0x00000000d9e80000,0x00000000da37a040,0x00000000da380000)
  to   space 11264K, 0% used [0x00000000dea80000,0x00000000dea80000,0x00000000df580000)
 ParOldGen       total 87552K, used 11813K [0x0000000081800000, 0x0000000086d80000, 0x00000000d5d80000)
  object space 87552K, 13% used [0x0000000081800000,0x00000000823896f0,0x0000000086d80000)
 Metaspace       used 20767K, capacity 21062K, committed 21296K, reserved 1069056K
  class space    used 2505K, capacity 2602K, committed 2688K, reserved 1048576K
}
Event: 4.164 GC heap before
{Heap before GC invocations=6 (full 1):
 PSYoungGen      total 71680K, used 5096K [0x00000000d5d80000, 0x00000000df580000, 0x0000000100000000)
  eden space 66560K, 0% used [0x00000000d5d80000,0x00000000d5d80000,0x00000000d9e80000)
  from space 5120K, 99% used [0x00000000d9e80000,0x00000000da37a040,0x00000000da380000)
  to   space 11264K, 0% used [0x00000000dea80000,0x00000000dea80000,0x00000000df580000)
 ParOldGen       total 87552K, used 11813K [0x0000000081800000, 0x0000000086d80000, 0x00000000d5d80000)
  object space 87552K, 13% used [0x0000000081800000,0x00000000823896f0,0x0000000086d80000)
 Metaspace       used 20767K, capacity 21062K, committed 21296K, reserved 1069056K
  class space    used 2505K, capacity 2602K, committed 2688K, reserved 1048576K
Event: 4.238 GC heap after
Heap after GC invocations=6 (full 1):
 PSYoungGen      total 71680K, used 0K [0x00000000d5d80000, 0x00000000df580000, 0x0000000100000000)
  eden space 66560K, 0% used [0x00000000d5d80000,0x00000000d5d80000,0x00000000d9e80000)
  from space 5120K, 0% used [0x00000000d9e80000,0x00000000d9e80000,0x00000000da380000)
  to   space 11264K, 0% used [0x00000000dea80000,0x00000000dea80000,0x00000000df580000)
 ParOldGen       total 60928K, used 9914K [0x0000000081800000, 0x0000000085380000, 0x00000000d5d80000)
  object space 60928K, 16% used [0x0000000081800000,0x00000000821aeba8,0x0000000085380000)
 Metaspace       used 20767K, capacity 21062K, committed 21296K, reserved 1069056K
  class space    used 2505K, capacity 2602K, committed 2688K, reserved 1048576K
}
Event: 6.035 GC heap before
{Heap before GC invocations=7 (full 1):
 PSYoungGen      total 71680K, used 66560K [0x00000000d5d80000, 0x00000000df580000, 0x0000000100000000)
  eden space 66560K, 100% used [0x00000000d5d80000,0x00000000d9e80000,0x00000000d9e80000)
  from space 5120K, 0% used [0x00000000d9e80000,0x00000000d9e80000,0x00000000da380000)
  to   space 11264K, 0% used [0x00000000dea80000,0x00000000dea80000,0x00000000df580000)
 ParOldGen       total 60928K, used 9914K [0x0000000081800000, 0x0000000085380000, 0x00000000d5d80000)
  object space 60928K, 16% used [0x0000000081800000,0x00000000821aeba8,0x0000000085380000)
 Metaspace       used 27421K, capacity 27760K, committed 28032K, reserved 1073152K
  class space    used 3279K, capacity 3377K, committed 3456K, reserved 1048576K
Event: 6.049 GC heap after
Heap after GC invocations=7 (full 1):
 PSYoungGen      total 114688K, used 7370K [0x00000000d5d80000, 0x00000000df200000, 0x0000000100000000)
  eden space 107008K, 0% used [0x00000000d5d80000,0x00000000d5d80000,0x00000000dc600000)
  from space 7680K, 95% used [0x00000000dea80000,0x00000000df1b2a80,0x00000000df200000)
  to   space 10752K, 0% used [0x00000000ddd00000,0x00000000ddd00000,0x00000000de780000)
 ParOldGen       total 60928K, used 9922K [0x0000000081800000, 0x0000000085380000, 0x00000000d5d80000)
  object space 60928K, 16% used [0x0000000081800000,0x00000000821b0ba8,0x0000000085380000)
 Metaspace       used 27421K, capacity 27760K, committed 28032K, reserved 1073152K
  class space    used 3279K, capacity 3377K, committed 3456K, reserved 1048576K
}
Event: 9.192 GC heap before
{Heap before GC invocations=8 (full 1):
 PSYoungGen      total 114688K, used 114378K [0x00000000d5d80000, 0x00000000df200000, 0x0000000100000000)
  eden space 107008K, 100% used [0x00000000d5d80000,0x00000000dc600000,0x00000000dc600000)
  from space 7680K, 95% used [0x00000000dea80000,0x00000000df1b2a80,0x00000000df200000)
  to   space 10752K, 0% used [0x00000000ddd00000,0x00000000ddd00000,0x00000000de780000)
 ParOldGen       total 60928K, used 9922K [0x0000000081800000, 0x0000000085380000, 0x00000000d5d80000)
  object space 60928K, 16% used [0x0000000081800000,0x00000000821b0ba8,0x0000000085380000)
 Metaspace       used 34356K, capacity 34656K, committed 35072K, reserved 1079296K
  class space    used 4158K, capacity 4245K, committed 4352K, reserved 1048576K
Event: 9.216 GC heap after
Heap after GC invocations=8 (full 1):
 PSYoungGen      total 141312K, used 10735K [0x00000000d5d80000, 0x00000000e1980000, 0x0000000100000000)
  eden space 130560K, 0% used [0x00000000d5d80000,0x00000000d5d80000,0x00000000ddd00000)
  from space 10752K, 99% used [0x00000000ddd00000,0x00000000de77bd80,0x00000000de780000)
  to   space 12800K, 0% used [0x00000000e0d00000,0x00000000e0d00000,0x00000000e1980000)
 ParOldGen       total 60928K, used 12100K [0x0000000081800000, 0x0000000085380000, 0x00000000d5d80000)
  object space 60928K, 19% used [0x0000000081800000,0x00000000823d10f8,0x0000000085380000)
 Metaspace       used 34356K, capacity 34656K, committed 35072K, reserved 1079296K
  class space    used 4158K, capacity 4245K, committed 4352K, reserved 1048576K
}

Deoptimization events (10 events):
Event: 8.073 Thread 0x000000001dfcb000 Uncommon trap: reason=unstable_if action=reinterpret pc=0x0000000002f970f0 method=java.util.Properties$LineReader.readLine()I @ 180
Event: 8.078 Thread 0x000000001dfcb000 Uncommon trap: reason=unstable_if action=reinterpret pc=0x00000000036ce840 method=java.lang.Class.searchMethods([Ljava/lang/reflect/Method;Ljava/lang/String;[Ljava/lang/Class;)Ljava/lang/reflect/Method; @ 47
Event: 8.095 Thread 0x000000001dfcb000 Uncommon trap: reason=unstable_if action=reinterpret pc=0x000000000385695c method=org.springframework.util.ConcurrentReferenceHashMap$Segment.findInChain(Lorg/springframework/util/ConcurrentReferenceHashMap$Reference;Ljava/lang/Object;I)Lorg/springframewo
Event: 8.095 Thread 0x000000001dfcb000 Uncommon trap: reason=unstable_if action=reinterpret pc=0x0000000003501780 method=org.springframework.util.ConcurrentReferenceHashMap$Segment.findInChain(Lorg/springframework/util/ConcurrentReferenceHashMap$Reference;Ljava/lang/Object;I)Lorg/springframewo
Event: 8.295 Thread 0x0000000002d54000 Uncommon trap: reason=bimorphic action=maybe_recompile pc=0x0000000003623dbc method=java.util.Hashtable.get(Ljava/lang/Object;)Ljava/lang/Object; @ 6
Event: 8.296 Thread 0x0000000002d54000 Uncommon trap: reason=bimorphic action=maybe_recompile pc=0x0000000003623dbc method=java.util.Hashtable.get(Ljava/lang/Object;)Ljava/lang/Object; @ 6
Event: 8.321 Thread 0x0000000002d54000 Uncommon trap: reason=unstable_if action=reinterpret pc=0x000000000343ab4c method=java.util.HashMap.hash(Ljava/lang/Object;)I @ 1
Event: 8.321 Thread 0x0000000002d54000 Uncommon trap: reason=unstable_if action=reinterpret pc=0x00000000033b4eac method=java.util.HashMap.hash(Ljava/lang/Object;)I @ 1
Event: 8.513 Thread 0x0000000002d54000 Uncommon trap: reason=class_check action=maybe_recompile pc=0x00000000039c4aa8 method=java.util.AbstractList$Itr.hasNext()Z @ 8
Event: 8.662 Thread 0x0000000002d54000 Uncommon trap: reason=unstable_if action=reinterpret pc=0x00000000030bbe68 method=java.util.regex.Pattern$Curly.match0(Ljava/util/regex/Matcher;IILjava/lang/CharSequence;)Z @ 66

Internal exceptions (10 events):
Event: 8.320 Thread 0x0000000002d54000 Exception <a 'java/lang/ClassNotFoundException': com/jiuheng/api/controller/GoodsControllerCustomizer> (0x00000000da0eeb78) thrown at [C:\re\workspace\8-2-build-windows-amd64-cygwin\jdk8u121\8372\hotspot\src\share\vm\classfile\systemDictionary.cpp, line 2
Event: 8.321 Thread 0x0000000002d54000 Implicit null exception at 0x000000000343a6b0 to 0x000000000343ab2d
Event: 8.321 Thread 0x0000000002d54000 Implicit null exception at 0x00000000033b4c14 to 0x00000000033b4e95
Event: 9.121 Thread 0x0000000002d54000 Exception <a 'java/lang/NoClassDefFoundError': org/apache/thrift/TException> (0x00000000dc2964b0) thrown at [C:\re\workspace\8-2-build-windows-amd64-cygwin\jdk8u121\8372\hotspot\src\share\vm\classfile\systemDictionary.cpp, line 199]
Event: 9.339 Thread 0x0000000002d54000 Exception <a 'java/lang/ClassNotFoundException': java/lang/ObjectCustomizer> (0x00000000d6a18138) thrown at [C:\re\workspace\8-2-build-windows-amd64-cygwin\jdk8u121\8372\hotspot\src\share\vm\classfile\systemDictionary.cpp, line 210]
Event: 9.340 Thread 0x0000000002d54000 Exception <a 'java/lang/ClassNotFoundException': com/jiuheng/api/controller/IndexControllerCustomizer> (0x00000000d6a2e1e8) thrown at [C:\re\workspace\8-2-build-windows-amd64-cygwin\jdk8u121\8372\hotspot\src\share\vm\classfile\systemDictionary.cpp, line 2
Event: 9.631 Thread 0x0000000002d54000 Exception <a 'java/lang/ClassNotFoundException': java/lang/ObjectCustomizer> (0x00000000d6b98610) thrown at [C:\re\workspace\8-2-build-windows-amd64-cygwin\jdk8u121\8372\hotspot\src\share\vm\classfile\systemDictionary.cpp, line 210]
Event: 9.632 Thread 0x0000000002d54000 Exception <a 'java/lang/ClassNotFoundException': com/jiuheng/api/controller/OrderControllerCustomizer> (0x00000000d6badaa8) thrown at [C:\re\workspace\8-2-build-windows-amd64-cygwin\jdk8u121\8372\hotspot\src\share\vm\classfile\systemDictionary.cpp, line 2
Event: 10.272 Thread 0x0000000002d54000 Exception <a 'java/lang/ClassNotFoundException': java/lang/ObjectCustomizer> (0x00000000d70dbb48) thrown at [C:\re\workspace\8-2-build-windows-amd64-cygwin\jdk8u121\8372\hotspot\src\share\vm\classfile\systemDictionary.cpp, line 210]
Event: 10.273 Thread 0x0000000002d54000 Exception <a 'java/lang/ClassNotFoundException': com/jiuheng/api/controller/RegionControllerCustomizer> (0x00000000d70f1420) thrown at [C:\re\workspace\8-2-build-windows-amd64-cygwin\jdk8u121\8372\hotspot\src\share\vm\classfile\systemDictionary.cpp, line 

Events (10 events):
Event: 10.281 Thread 0x0000000002d54000 DEOPT UNPACKING pc=0x0000000002e9787f sp=0x0000000002d4dba8 mode 1
Event: 10.281 Thread 0x0000000002d54000 DEOPT PACKING pc=0x00000000036c489c sp=0x0000000002d4ddf0
Event: 10.281 Thread 0x0000000002d54000 DEOPT UNPACKING pc=0x0000000002e9787f sp=0x0000000002d4dba8 mode 1
Event: 10.281 Thread 0x0000000002d54000 DEOPT PACKING pc=0x00000000036c489c sp=0x0000000002d4ddf0
Event: 10.281 Thread 0x0000000002d54000 DEOPT UNPACKING pc=0x0000000002e9787f sp=0x0000000002d4dba8 mode 1
Event: 10.281 Thread 0x0000000002d54000 DEOPT PACKING pc=0x00000000036c489c sp=0x0000000002d4ddf0
Event: 10.281 Thread 0x0000000002d54000 DEOPT UNPACKING pc=0x0000000002e9787f sp=0x0000000002d4dba8 mode 1
Event: 10.513 Thread 0x0000000019068800 DEOPT PACKING pc=0x0000000003b4271c sp=0x0000000022a0ed40
Event: 10.513 Thread 0x0000000019068800 DEOPT UNPACKING pc=0x0000000002e9787f sp=0x0000000022a0edc8 mode 0
Event: 10.517 Executing VM operation: ChangeBreakpoints


Dynamic libraries:
0x00007ff7f01f0000 - 0x00007ff7f0227000 	C:\Program Files\Java\jdk1.8.0_121\bin\java.exe
0x00007ffd01aa0000 - 0x00007ffd01c81000 	C:\WINDOWS\SYSTEM32\ntdll.dll
0x00007ffd00e70000 - 0x00007ffd00f22000 	C:\WINDOWS\System32\KERNEL32.DLL
0x00007ffcfde70000 - 0x00007ffcfe0e3000 	C:\WINDOWS\System32\KERNELBASE.dll
0x00007ffd01510000 - 0x00007ffd015b1000 	C:\WINDOWS\System32\ADVAPI32.dll
0x00007ffd01100000 - 0x00007ffd0119e000 	C:\WINDOWS\System32\msvcrt.dll
0x00007ffcff830000 - 0x00007ffcff88b000 	C:\WINDOWS\System32\sechost.dll
0x00007ffd01200000 - 0x00007ffd01324000 	C:\WINDOWS\System32\RPCRT4.dll
0x00007ffcff070000 - 0x00007ffcff200000 	C:\WINDOWS\System32\USER32.dll
0x00007ffcfeeb0000 - 0x00007ffcfeed0000 	C:\WINDOWS\System32\win32u.dll
0x00007ffd014e0000 - 0x00007ffd01508000 	C:\WINDOWS\System32\GDI32.dll
0x00007ffcfe980000 - 0x00007ffcfeb12000 	C:\WINDOWS\System32\gdi32full.dll
0x00007ffcfee10000 - 0x00007ffcfeeaf000 	C:\WINDOWS\System32\msvcp_win.dll
0x00007ffcfeb20000 - 0x00007ffcfec1a000 	C:\WINDOWS\System32\ucrtbase.dll
0x00007ffcf04a0000 - 0x00007ffcf0709000 	C:\WINDOWS\WinSxS\amd64_microsoft.windows.common-controls_6595b64144ccf1df_6.0.17134.472_none_fb3f9af53068156d\COMCTL32.dll
0x00007ffcff390000 - 0x00007ffcff6b2000 	C:\WINDOWS\System32\combase.dll
0x00007ffcfe140000 - 0x00007ffcfe1ba000 	C:\WINDOWS\System32\bcryptPrimitives.dll
0x00007ffcff360000 - 0x00007ffcff38d000 	C:\WINDOWS\System32\IMM32.DLL
0x00000000553b0000 - 0x0000000055482000 	C:\Program Files\Java\jdk1.8.0_121\jre\bin\msvcr100.dll
0x0000000056190000 - 0x0000000056a2b000 	C:\Program Files\Java\jdk1.8.0_121\jre\bin\server\jvm.dll
0x00007ffcfefb0000 - 0x00007ffcfefb8000 	C:\WINDOWS\System32\PSAPI.DLL
0x00007ffceab70000 - 0x00007ffceab79000 	C:\WINDOWS\SYSTEM32\WSOCK32.dll
0x00007ffcff6c0000 - 0x00007ffcff72c000 	C:\WINDOWS\System32\WS2_32.dll
0x00007ffcfb110000 - 0x00007ffcfb133000 	C:\WINDOWS\SYSTEM32\WINMM.dll
0x00007ffcf42a0000 - 0x00007ffcf42aa000 	C:\WINDOWS\SYSTEM32\VERSION.dll
0x00007ffcfa320000 - 0x00007ffcfa34a000 	C:\WINDOWS\SYSTEM32\WINMMBASE.dll
0x00007ffcfe0f0000 - 0x00007ffcfe139000 	C:\WINDOWS\System32\cfgmgr32.dll
0x0000000057790000 - 0x000000005779f000 	C:\Program Files\Java\jdk1.8.0_121\jre\bin\verify.dll
0x0000000057550000 - 0x0000000057579000 	C:\Program Files\Java\jdk1.8.0_121\jre\bin\java.dll
0x0000000055360000 - 0x0000000055395000 	C:\Program Files\Java\jdk1.8.0_121\jre\bin\jdwp.dll
0x0000000055350000 - 0x0000000055358000 	C:\Program Files\Java\jdk1.8.0_121\jre\bin\npt.dll
0x00000000576a0000 - 0x00000000576b6000 	C:\Program Files\Java\jdk1.8.0_121\jre\bin\zip.dll
0x00007ffcff890000 - 0x00007ffd00cd0000 	C:\WINDOWS\System32\SHELL32.dll
0x00007ffcfefc0000 - 0x00007ffcff069000 	C:\WINDOWS\System32\shcore.dll
0x00007ffcfe1c0000 - 0x00007ffcfe8cd000 	C:\WINDOWS\System32\windows.storage.dll
0x00007ffd011a0000 - 0x00007ffd011f1000 	C:\WINDOWS\System32\shlwapi.dll
0x00007ffcfde50000 - 0x00007ffcfde61000 	C:\WINDOWS\System32\kernel.appcore.dll
0x00007ffcfddd0000 - 0x00007ffcfddef000 	C:\WINDOWS\System32\profapi.dll
0x00007ffcfddf0000 - 0x00007ffcfde3c000 	C:\WINDOWS\System32\powrprof.dll
0x00007ffcfde40000 - 0x00007ffcfde4a000 	C:\WINDOWS\System32\FLTLIB.DLL
0x0000000055340000 - 0x0000000055349000 	C:\Program Files\Java\jdk1.8.0_121\jre\bin\dt_socket.dll
0x00007ffcfd630000 - 0x00007ffcfd696000 	C:\WINDOWS\system32\mswsock.dll
0x0000000057780000 - 0x000000005778d000 	C:\Program Files\Java\jdk1.8.0_121\jre\bin\management.dll
0x0000000057530000 - 0x000000005754a000 	C:\Program Files\Java\jdk1.8.0_121\jre\bin\net.dll
0x00007ffcf8b60000 - 0x00007ffcf8b76000 	C:\WINDOWS\system32\napinsp.dll
0x00007ffcf80b0000 - 0x00007ffcf80ca000 	C:\WINDOWS\system32\pnrpnsp.dll
0x00007ffcf88f0000 - 0x00007ffcf8909000 	C:\WINDOWS\system32\NLAapi.dll
0x00007ffcfd3f0000 - 0x00007ffcfd4ae000 	C:\WINDOWS\SYSTEM32\DNSAPI.dll
0x00007ffd01330000 - 0x00007ffd01338000 	C:\WINDOWS\System32\NSI.dll
0x00007ffcfd3b0000 - 0x00007ffcfd3e8000 	C:\WINDOWS\SYSTEM32\IPHLPAPI.DLL
0x00007ffcf9690000 - 0x00007ffcf969e000 	C:\WINDOWS\System32\winrnr.dll
0x00007ffcf3eb0000 - 0x00007ffcf3ec5000 	C:\WINDOWS\System32\wshbth.dll
0x0000000057580000 - 0x00000000575a6000 	C:\Program Files\Bonjour\mdnsNSP.dll
0x00007ffceec60000 - 0x00007ffceec6a000 	C:\Windows\System32\rasadhlp.dll
0x00007ffceef60000 - 0x00007ffceefd2000 	C:\WINDOWS\System32\fwpuclnt.dll
0x00007ffcfd910000 - 0x00007ffcfd935000 	C:\WINDOWS\SYSTEM32\bcrypt.dll
0x0000000057120000 - 0x0000000057131000 	C:\Program Files\Java\jdk1.8.0_121\jre\bin\nio.dll
0x00007ffcfd7e0000 - 0x00007ffcfd7f7000 	C:\WINDOWS\SYSTEM32\CRYPTSP.dll
0x00007ffcfd210000 - 0x00007ffcfd243000 	C:\WINDOWS\system32\rsaenh.dll
0x00007ffcfdcb0000 - 0x00007ffcfdcd8000 	C:\WINDOWS\SYSTEM32\USERENV.dll
0x00007ffcfd800000 - 0x00007ffcfd80b000 	C:\WINDOWS\SYSTEM32\CRYPTBASE.dll
0x00007ffcf5730000 - 0x00007ffcf5746000 	C:\WINDOWS\SYSTEM32\dhcpcsvc6.DLL
0x00007ffcf44d0000 - 0x00007ffcf44ea000 	C:\WINDOWS\SYSTEM32\dhcpcsvc.DLL

VM Arguments:
jvm_args: -agentlib:jdwp=transport=dt_socket,address=127.0.0.1:55558,suspend=y,server=n -Dfile.encoding=UTF-8 
java_command: com.jiuheng.api.ApiApp
java_class_path (initial): C:\Program Files\Java\jdk1.8.0_121\jre\lib\charsets.jar;C:\Program Files\Java\jdk1.8.0_121\jre\lib\deploy.jar;C:\Program Files\Java\jdk1.8.0_121\jre\lib\ext\access-bridge-64.jar;C:\Program Files\Java\jdk1.8.0_121\jre\lib\ext\cldrdata.jar;C:\Program Files\Java\jdk1.8.0_121\jre\lib\ext\dnsns.jar;C:\Program Files\Java\jdk1.8.0_121\jre\lib\ext\jaccess.jar;C:\Program Files\Java\jdk1.8.0_121\jre\lib\ext\jfxrt.jar;C:\Program Files\Java\jdk1.8.0_121\jre\lib\ext\localedata.jar;C:\Program Files\Java\jdk1.8.0_121\jre\lib\ext\nashorn.jar;C:\Program Files\Java\jdk1.8.0_121\jre\lib\ext\sunec.jar;C:\Program Files\Java\jdk1.8.0_121\jre\lib\ext\sunjce_provider.jar;C:\Program Files\Java\jdk1.8.0_121\jre\lib\ext\sunmscapi.jar;C:\Program Files\Java\jdk1.8.0_121\jre\lib\ext\sunpkcs11.jar;C:\Program Files\Java\jdk1.8.0_121\jre\lib\ext\zipfs.jar;C:\Program Files\Java\jdk1.8.0_121\jre\lib\javaws.jar;C:\Program Files\Java\jdk1.8.0_121\jre\lib\jce.jar;C:\Program Files\Java\jdk1.8.0_121\jre\lib\jfr.jar;C:\Program Files\Java\jdk1.8.0_121\jre\lib\jfxswt.jar;C:\Program Files\Java\jdk1.8.0_121\jre\lib\jsse.jar;C:\Program Files\Java\jdk1.8.0_121\jre\lib\management-agent.jar;C:\Program Files\Java\jdk1.8.0_121\jre\lib\plugin.jar;C:\Program Files\Java\jdk1.8.0_121\jre\lib\resources.jar;C:\Program Files\Java\jdk1.8.0_121\jre\lib\rt.jar;D:\test_workspace\jiuheng-recovery-business\jiuheng-recovery-api\target\classes;E:\repository\org\springframework\boot\spring-boot\1.4.5.RELEASE\spring-boot-1.4.5.RELEASE.jar;E:\repository\org\springframework\spring-core\4.3.7.RELEASE\spring-core-4.3.7.RELEASE.jar;E:\repository\org\springframework\spring-context\4.3.7.RELEASE\spring-context-4.3.7.RELEASE.jar;E:\repository\org\springframework\boot\spring-boot-autoconfigure\1.4.5.RELEASE\spring-boot-autoconfigure-1.4.5.RELEASE.jar;E:\repository\org\slf4j\slf4j-api\1.7.24\slf4j-api-1.7.24.jar;E:\repository\junit\junit\4.12\junit-4.12.jar;E:\repository\org\hamcrest\hamcrest-core\1.3\hamcrest-cor
Launcher Type: SUN_STANDARD

Environment Variables:
JAVA_HOME=C:\Program Files\Java\jdk1.8.0_121
PATH=C:\ProgramData\Oracle\Java\javapath;C:\Program Files (x86)\Intel\iCLS Client\;C:\Program Files\Intel\iCLS Client\;C:\Windows\system32;C:\Windows;C:\Windows\System32\Wbem;C:\Windows\System32\WindowsPowerShell\v1.0\;C:\Program Files (x86)\Intel\Intel(R) Management Engine Components\DAL;C:\Program Files\Intel\Intel(R) Management Engine Components\DAL;C:\Program Files (x86)\Intel\Intel(R) Management Engine Components\IPT;C:\Program Files\Intel\Intel(R) Management Engine Components\IPT;C:\Program Files (x86)\NVIDIA Corporation\PhysX\Common;%JAVA_HOME%\bin;D:\software\apache-maven-3.3.9-bin\apache-maven-3.3.9\bin;E:\Program Files\Git\cmd;C:\Program Files\MySQL\MySQL Utilities 1.6\;E:\Program Files (x86)\MySQL\MySQL Server 5.5\bin;D:\software\curl-7.54.0-win64-mingw\curl-7.54.0-win64-mingw\bin;E:\Program Files\nodejs\;C:\WINDOWS\system32;C:\WINDOWS;C:\WINDOWS\System32\Wbem;C:\WINDOWS\System32\WindowsPowerShell\v1.0\;C:\WINDOWS\System32\OpenSSH\;D:\software\nginx-1.15.2;C:\Users\shiziming\AppData\Local\Microsoft\WindowsApps;C:\Users\shiziming\AppData\Roaming\npm;
USERNAME=shiziming
OS=Windows_NT
PROCESSOR_IDENTIFIER=Intel64 Family 6 Model 78 Stepping 3, GenuineIntel



---------------  S Y S T E M  ---------------

OS: Windows 10.0 , 64 bit Build 17134 (10.0.17134.1)

CPU:total 4 (2 cores per cpu, 2 threads per core) family 6 model 78 stepping 3, cmov, cx8, fxsr, mmx, sse, sse2, sse3, ssse3, sse4.1, sse4.2, popcnt, avx, avx2, aes, clmul, erms, 3dnowpref, lzcnt, ht, tsc, tscinvbit, bmi1, bmi2, adx

Memory: 4k page, physical 8289280k(2579936k free), swap 12090368k(3096088k free)

vm_info: Java HotSpot(TM) 64-Bit Server VM (25.121-b13) for windows-amd64 JRE (1.8.0_121-b13), built on Dec 12 2016 18:21:36 by "java_re" with MS VC++ 10.0 (VS2010)

time: Mon Dec 24 15:38:05 2018
elapsed time: 10 seconds (0d 0h 0m 10s)

